\BOOKMARK [-1][-]{part.1}{I User Requirements}{}% 1
\BOOKMARK [0][-]{section*.2}{UR001}{part.1}% 2
\BOOKMARK [1][-]{section*.3}{UR002}{section*.2}% 3
\BOOKMARK [2][-]{section*.4}{UR003}{section*.3}% 4
\BOOKMARK [3][-]{section*.5}{UR004}{section*.4}% 5
\BOOKMARK [4][-]{section*.6}{UR005}{section*.5}% 6
\BOOKMARK [4][-]{section*.7}{UR006}{section*.5}% 7
\BOOKMARK [4][-]{section*.8}{UR007}{section*.5}% 8
\BOOKMARK [4][-]{section*.9}{UR008}{section*.5}% 9
\BOOKMARK [4][-]{section*.10}{UR009}{section*.5}% 10
\BOOKMARK [4][-]{section*.11}{UR010}{section*.5}% 11
\BOOKMARK [4][-]{section*.12}{UR011}{section*.5}% 12
\BOOKMARK [4][-]{section*.13}{UR012}{section*.5}% 13
\BOOKMARK [4][-]{section*.14}{UR013}{section*.5}% 14
\BOOKMARK [4][-]{section*.15}{UR014}{section*.5}% 15
\BOOKMARK [4][-]{section*.16}{UR015}{section*.5}% 16
\BOOKMARK [4][-]{section*.17}{UR016}{section*.5}% 17
\BOOKMARK [4][-]{section*.18}{UR017}{section*.5}% 18
\BOOKMARK [4][-]{section*.19}{UR018}{section*.5}% 19
\BOOKMARK [4][-]{section*.20}{UR019}{section*.5}% 20
\BOOKMARK [4][-]{section*.21}{UR020}{section*.5}% 21
\BOOKMARK [4][-]{section*.22}{UR021}{section*.5}% 22
\BOOKMARK [4][-]{section*.23}{UR022}{section*.5}% 23
\BOOKMARK [4][-]{section*.24}{UR023}{section*.5}% 24
\BOOKMARK [4][-]{section*.25}{UR024}{section*.5}% 25
\BOOKMARK [-1][-]{part.2}{II System Requirements}{}% 26
\BOOKMARK [0][-]{chapter.1}{Non-Functional Requirements}{part.2}% 27
\BOOKMARK [1][-]{section.1.1}{Product Requirements}{chapter.1}% 28
\BOOKMARK [2][-]{subsection.1.1.1}{Usability Requirements}{section.1.1}% 29
\BOOKMARK [3][-]{section*.26}{NFR001}{subsection.1.1.1}% 30
\BOOKMARK [4][-]{section*.27}{NFR002}{section*.26}% 31
\BOOKMARK [4][-]{section*.28}{NFR003}{section*.26}% 32
\BOOKMARK [4][-]{section*.29}{NFR004}{section*.26}% 33
\BOOKMARK [2][-]{subsection.1.1.2}{Efficiency Requirements}{section.1.1}% 34
\BOOKMARK [3][-]{subsubsection.1.1.2.1}{Performance Requirements}{subsection.1.1.2}% 35
\BOOKMARK [4][-]{section*.30}{NFR005}{subsubsection.1.1.2.1}% 36
\BOOKMARK [4][-]{section*.31}{NFR005}{subsubsection.1.1.2.1}% 37
\BOOKMARK [3][-]{subsubsection.1.1.2.2}{Space Requirements}{subsection.1.1.2}% 38
\BOOKMARK [2][-]{subsection.1.1.3}{Dependability Requirements}{section.1.1}% 39
\BOOKMARK [3][-]{section*.32}{NFR001}{subsection.1.1.3}% 40
\BOOKMARK [4][-]{section*.33}{NFR001}{section*.32}% 41
\BOOKMARK [4][-]{section*.34}{NFR001}{section*.32}% 42
\BOOKMARK [2][-]{subsection.1.1.4}{Security Requirements}{section.1.1}% 43
\BOOKMARK [3][-]{section*.35}{NFR001}{subsection.1.1.4}% 44
\BOOKMARK [4][-]{section*.36}{NFR001}{section*.35}% 45
\BOOKMARK [1][-]{section.1.2}{Organziational Requirements}{chapter.1}% 46
\BOOKMARK [2][-]{subsection.1.2.1}{Environmental Requirements}{section.1.2}% 47
\BOOKMARK [3][-]{section*.37}{NFR001}{subsection.1.2.1}% 48
\BOOKMARK [2][-]{subsection.1.2.2}{Operational Requirements}{section.1.2}% 49
\BOOKMARK [3][-]{section*.38}{NFR001}{subsection.1.2.2}% 50
\BOOKMARK [2][-]{subsection.1.2.3}{Development Requirements}{section.1.2}% 51
\BOOKMARK [3][-]{section*.39}{NFR001}{subsection.1.2.3}% 52
\BOOKMARK [1][-]{section.1.3}{External Requirements}{chapter.1}% 53
\BOOKMARK [2][-]{subsection.1.3.1}{Regulatory Requirements}{section.1.3}% 54
\BOOKMARK [2][-]{subsection.1.3.2}{Ethical Requirements}{section.1.3}% 55
\BOOKMARK [3][-]{section*.40}{NFR001}{subsection.1.3.2}% 56
\BOOKMARK [2][-]{subsection.1.3.3}{Legislative Requirements}{section.1.3}% 57
\BOOKMARK [3][-]{subsubsection.1.3.3.1}{Accounting Requirements}{subsection.1.3.3}% 58
\BOOKMARK [3][-]{subsubsection.1.3.3.2}{Safety / Security Requirements}{subsection.1.3.3}% 59
\BOOKMARK [4][-]{section*.41}{NFR003}{subsubsection.1.3.3.2}% 60
\BOOKMARK [0][-]{chapter.2}{Functional Requirements}{part.2}% 61
\BOOKMARK [0][-]{chapter.3}{Scenarios}{part.2}% 62
\BOOKMARK [1][-]{section.3.1}{Scenario for collecting medical history}{chapter.3}% 63
